lib/build/intermediates/manifest_merge_blame_file/release/manifest-merger-blame-release-report.txt
1<?xml version="1.0" encoding="utf-8"?>
2<manifest xmlns:android="http://schemas.android.com/apk/res/android"
3    package="cn.bingoogolapple1.photopicker" >
4
5    <uses-sdk
6        android:minSdkVersion="21"
6-->src\main\AndroidManifest.xml
7        android:targetSdkVersion="29" />
7-->src\main\AndroidManifest.xml
8
9    <uses-permission android:name="android.permission.READ_EXTERNAL_STORAGE" />
9-->src\main\AndroidManifest.xml:4:5-80
9-->src\main\AndroidManifest.xml:4:22-77
10    <uses-permission android:name="android.permission.WRITE_EXTERNAL_STORAGE" />
10-->src\main\AndroidManifest.xml:5:5-81
10-->src\main\AndroidManifest.xml:5:22-78
11    <uses-permission android:name="android.permission.CAMERA" />
11-->src\main\AndroidManifest.xml:6:5-65
11-->src\main\AndroidManifest.xml:6:22-62
12
13    <application>
13-->src\main\AndroidManifest.xml:8:5-42:19
14
15        <!-- 图片预览界面 -->
16        <activity
16-->src\main\AndroidManifest.xml:10:9-15:63
17            android:name="cn.bingoogolapple1.photopicker.activity.BGAPhotoPreviewActivity"
17-->src\main\AndroidManifest.xml:11:13-91
18            android:configChanges="keyboardHidden|orientation|screenSize"
18-->src\main\AndroidManifest.xml:12:13-74
19            android:screenOrientation="portrait"
19-->src\main\AndroidManifest.xml:13:13-49
20            android:theme="@style/BGAPPTheme"
20-->src\main\AndroidManifest.xml:14:13-46
21            android:windowSoftInputMode="stateAlwaysHidden" />
21-->src\main\AndroidManifest.xml:15:13-60
22
23        <!-- 图片选择界面 -->
24        <activity
24-->src\main\AndroidManifest.xml:18:9-23:63
25            android:name="cn.bingoogolapple1.photopicker.activity.BGAPhotoPickerActivity"
25-->src\main\AndroidManifest.xml:19:13-90
26            android:configChanges="keyboardHidden|orientation|screenSize"
26-->src\main\AndroidManifest.xml:20:13-74
27            android:screenOrientation="portrait"
27-->src\main\AndroidManifest.xml:21:13-49
28            android:theme="@style/BGAPPTheme"
28-->src\main\AndroidManifest.xml:22:13-46
29            android:windowSoftInputMode="stateAlwaysHidden" />
29-->src\main\AndroidManifest.xml:23:13-60
30
31        <!-- 图片选择预览界面 -->
32        <activity
32-->src\main\AndroidManifest.xml:26:9-31:63
33            android:name="cn.bingoogolapple1.photopicker.activity.BGAPhotoPickerPreviewActivity"
33-->src\main\AndroidManifest.xml:27:13-97
34            android:configChanges="keyboardHidden|orientation|screenSize"
34-->src\main\AndroidManifest.xml:28:13-74
35            android:screenOrientation="portrait"
35-->src\main\AndroidManifest.xml:29:13-49
36            android:theme="@style/BGAPPTheme"
36-->src\main\AndroidManifest.xml:30:13-46
37            android:windowSoftInputMode="stateAlwaysHidden" />
37-->src\main\AndroidManifest.xml:31:13-60
38
39        <provider
39-->src\main\AndroidManifest.xml:33:9-41:20
40            android:name="cn.bingoogolapple1.photopicker.util.BGAPhotoFileProvider"
40-->src\main\AndroidManifest.xml:34:13-84
41            android:authorities="dollar_openBracket_applicationId_closeBracket.bga_photo_picker.file_provider"
41-->src\main\AndroidManifest.xml:35:13-82
42            android:exported="false"
42-->src\main\AndroidManifest.xml:36:13-37
43            android:grantUriPermissions="true" >
43-->src\main\AndroidManifest.xml:37:13-47
44            <meta-data
44-->src\main\AndroidManifest.xml:38:13-40:71
45                android:name="android.support.FILE_PROVIDER_PATHS"
45-->src\main\AndroidManifest.xml:39:17-67
46                android:resource="@xml/bga_photo_picker_file_paths" />
46-->src\main\AndroidManifest.xml:40:17-68
47        </provider>
48    </application>
49
50</manifest>